<?xml version="1.0" encoding="UTF-8"?>
<!-- Generated by org.testng.reporters.JUnitReportReporter -->
<testsuite skipped="0" hostname="QA-01" name="Runner.netpayTestPayment" tests="1" failures="0" timestamp="2020-02-05T13:57:46 WAT" time="18.620" errors="0">
  <testcase name="inputCardTest" time="18.620" classname="Runner.netpayTestPayment"/>
</testsuite> <!-- Runner.netpayTestPayment -->
